
*** Running vivado
    with args -log top.vds -m64 -product Vivado -mode batch -messageDb vivado.pb -notrace -source top.tcl


****** Vivado v2024.1 (64-bit)
  **** SW Build 5076996 on Wed May 22 18:36:09 MDT 2024
  **** IP Build 5075265 on Wed May 22 21:45:21 MDT 2024
  **** SharedData Build 5076995 on Wed May 22 18:29:18 MDT 2024
  **** Start of session at: Sat Jun 29 22:45:44 2024
    ** Copyright 1986-2022 Xilinx, Inc. All Rights Reserved.
    ** Copyright 2022-2024 Advanced Micro Devices, Inc. All Rights Reserved.

source top.tcl -notrace
Command: read_checkpoint -auto_incremental -incremental /home/deulamco/Documents/FPGAs/hello-nexys-1/hello-nexys-1.srcs/utils_1/imports/synth_1/top.dcp
INFO: [Vivado 12-5825] Read reference checkpoint from /home/deulamco/Documents/FPGAs/hello-nexys-1/hello-nexys-1.srcs/utils_1/imports/synth_1/top.dcp for incremental synthesis
INFO: [Vivado 12-7989] Please ensure there are no constraint changes
Command: synth_design -top top -part xc7a200tsbg484-1
Starting synth_design
Attempting to get a license for feature 'Synthesis' and/or device 'xc7a200t'
INFO: [Common 17-349] Got license for feature 'Synthesis' and/or device 'xc7a200t'
INFO: [Device 21-403] Loading part xc7a200tsbg484-1
INFO: [Device 21-9227] Part: xc7a200tsbg484-1 does not have CEAM library.
INFO: [Designutils 20-5440] No compile time benefit to using incremental synthesis; A full resynthesis will be run
INFO: [Designutils 20-4379] Flow is switching to default flow due to incremental criteria not met. If you would like to alter this behaviour and have the flow terminate instead, please set the following parameter config_implementation {autoIncr.Synth.RejectBehavior Terminate}
INFO: [Synth 8-7079] Multithreading enabled for synth_design using a maximum of 4 processes.
INFO: [Synth 8-7078] Launching helper process for spawning children vivado processes
INFO: [Synth 8-7075] Helper process launched with PID 66793
---------------------------------------------------------------------------------
Starting RTL Elaboration : Time (s): cpu = 00:00:02 ; elapsed = 00:00:02 . Memory (MB): peak = 2182.254 ; gain = 414.629 ; free physical = 4072 ; free virtual = 29262
---------------------------------------------------------------------------------
INFO: [Synth 8-6157] synthesizing module 'top' [/home/deulamco/Documents/FPGAs/hello-nexys-1/hello-nexys-1.srcs/sources_1/new/top.sv:23]
INFO: [Synth 8-6155] done synthesizing module 'top' (0#1) [/home/deulamco/Documents/FPGAs/hello-nexys-1/hello-nexys-1.srcs/sources_1/new/top.sv:23]
WARNING: [Synth 8-7129] Port sw[3] in module top is either unconnected or has no load
WARNING: [Synth 8-7129] Port sw[2] in module top is either unconnected or has no load
WARNING: [Synth 8-7129] Port btnd in module top is either unconnected or has no load
WARNING: [Synth 8-7129] Port btnl in module top is either unconnected or has no load
WARNING: [Synth 8-7129] Port btnr in module top is either unconnected or has no load
WARNING: [Synth 8-7129] Port btnu in module top is either unconnected or has no load
---------------------------------------------------------------------------------
Finished RTL Elaboration : Time (s): cpu = 00:00:03 ; elapsed = 00:00:03 . Memory (MB): peak = 2266.223 ; gain = 498.598 ; free physical = 3964 ; free virtual = 29154
---------------------------------------------------------------------------------
---------------------------------------------------------------------------------
Start Handling Custom Attributes
---------------------------------------------------------------------------------
---------------------------------------------------------------------------------
Finished Handling Custom Attributes : Time (s): cpu = 00:00:03 ; elapsed = 00:00:03 . Memory (MB): peak = 2281.066 ; gain = 513.441 ; free physical = 3965 ; free virtual = 29155
---------------------------------------------------------------------------------
---------------------------------------------------------------------------------
Finished RTL Optimization Phase 1 : Time (s): cpu = 00:00:03 ; elapsed = 00:00:03 . Memory (MB): peak = 2281.066 ; gain = 513.441 ; free physical = 3965 ; free virtual = 29155
---------------------------------------------------------------------------------
Netlist sorting complete. Time (s): cpu = 00:00:00 ; elapsed = 00:00:00 . Memory (MB): peak = 2281.066 ; gain = 0.000 ; free physical = 3965 ; free virtual = 29155
INFO: [Project 1-570] Preparing netlist for logic optimization

Processing XDC Constraints
Initializing timing engine
Parsing XDC File [/home/deulamco/Documents/FPGAs/hello-nexys-1/hello-nexys-1.srcs/constrs_1/new/nexys.xdc]
Finished Parsing XDC File [/home/deulamco/Documents/FPGAs/hello-nexys-1/hello-nexys-1.srcs/constrs_1/new/nexys.xdc]
INFO: [Project 1-236] Implementation specific constraints were found while reading constraint file [/home/deulamco/Documents/FPGAs/hello-nexys-1/hello-nexys-1.srcs/constrs_1/new/nexys.xdc]. These constraints will be ignored for synthesis but will be used in implementation. Impacted constraints are listed in the file [.Xil/top_propImpl.xdc].
Resolution: To avoid this warning, move constraints listed in [.Xil/top_propImpl.xdc] to another XDC file and exclude this new file from synthesis with the used_in_synthesis property (File Properties dialog in GUI) and re-run elaboration/synthesis.
Completed Processing XDC Constraints

Netlist sorting complete. Time (s): cpu = 00:00:00 ; elapsed = 00:00:00 . Memory (MB): peak = 2356.973 ; gain = 0.000 ; free physical = 3960 ; free virtual = 29151
INFO: [Project 1-111] Unisim Transformation Summary:
No Unisim elements were transformed.

Constraint Validation Runtime : Time (s): cpu = 00:00:00 ; elapsed = 00:00:00.01 . Memory (MB): peak = 2356.973 ; gain = 0.000 ; free physical = 3960 ; free virtual = 29151
INFO: [Designutils 20-5440] No compile time benefit to using incremental synthesis; A full resynthesis will be run
INFO: [Designutils 20-4379] Flow is switching to default flow due to incremental criteria not met. If you would like to alter this behaviour and have the flow terminate instead, please set the following parameter config_implementation {autoIncr.Synth.RejectBehavior Terminate}
---------------------------------------------------------------------------------
Finished Constraint Validation : Time (s): cpu = 00:00:06 ; elapsed = 00:00:06 . Memory (MB): peak = 2356.973 ; gain = 589.348 ; free physical = 4022 ; free virtual = 29213
---------------------------------------------------------------------------------
---------------------------------------------------------------------------------
Start Loading Part and Timing Information
---------------------------------------------------------------------------------
Loading part: xc7a200tsbg484-1
---------------------------------------------------------------------------------
Finished Loading Part and Timing Information : Time (s): cpu = 00:00:06 ; elapsed = 00:00:06 . Memory (MB): peak = 2364.977 ; gain = 597.352 ; free physical = 4022 ; free virtual = 29213
---------------------------------------------------------------------------------
---------------------------------------------------------------------------------
Start Applying 'set_property' XDC Constraints
---------------------------------------------------------------------------------
---------------------------------------------------------------------------------
Finished applying 'set_property' XDC Constraints : Time (s): cpu = 00:00:06 ; elapsed = 00:00:06 . Memory (MB): peak = 2364.977 ; gain = 597.352 ; free physical = 4022 ; free virtual = 29213
---------------------------------------------------------------------------------
---------------------------------------------------------------------------------
Finished RTL Optimization Phase 2 : Time (s): cpu = 00:00:06 ; elapsed = 00:00:07 . Memory (MB): peak = 2364.977 ; gain = 597.352 ; free physical = 4021 ; free virtual = 29213
---------------------------------------------------------------------------------
---------------------------------------------------------------------------------
Start RTL Component Statistics 
---------------------------------------------------------------------------------
Detailed RTL Component Info : 
+---Muxes : 
	   3 Input    4 Bit        Muxes := 1     
---------------------------------------------------------------------------------
Finished RTL Component Statistics 
---------------------------------------------------------------------------------
---------------------------------------------------------------------------------
Start Part Resource Summary
---------------------------------------------------------------------------------
Part Resources:
DSPs: 740 (col length:100)
BRAMs: 730 (col length: RAMB18 100 RAMB36 50)
---------------------------------------------------------------------------------
Finished Part Resource Summary
---------------------------------------------------------------------------------
---------------------------------------------------------------------------------
Start Cross Boundary and Area Optimization
---------------------------------------------------------------------------------
WARNING: [Synth 8-7080] Parallel synthesis criteria is not met
WARNING: [Synth 8-7129] Port sw[3] in module top is either unconnected or has no load
WARNING: [Synth 8-7129] Port sw[2] in module top is either unconnected or has no load
WARNING: [Synth 8-7129] Port btnd in module top is either unconnected or has no load
WARNING: [Synth 8-7129] Port btnl in module top is either unconnected or has no load
WARNING: [Synth 8-7129] Port btnr in module top is either unconnected or has no load
WARNING: [Synth 8-7129] Port btnu in module top is either unconnected or has no load
---------------------------------------------------------------------------------
Finished Cross Boundary and Area Optimization : Time (s): cpu = 00:00:07 ; elapsed = 00:00:07 . Memory (MB): peak = 2364.977 ; gain = 597.352 ; free physical = 4011 ; free virtual = 29206
---------------------------------------------------------------------------------
---------------------------------------------------------------------------------
Start Applying XDC Timing Constraints
---------------------------------------------------------------------------------
---------------------------------------------------------------------------------
Finished Applying XDC Timing Constraints : Time (s): cpu = 00:00:10 ; elapsed = 00:00:10 . Memory (MB): peak = 2364.977 ; gain = 597.352 ; free physical = 4004 ; free virtual = 29199
---------------------------------------------------------------------------------
---------------------------------------------------------------------------------
Start Timing Optimization
---------------------------------------------------------------------------------
---------------------------------------------------------------------------------
Finished Timing Optimization : Time (s): cpu = 00:00:10 ; elapsed = 00:00:10 . Memory (MB): peak = 2364.977 ; gain = 597.352 ; free physical = 4004 ; free virtual = 29199
---------------------------------------------------------------------------------
---------------------------------------------------------------------------------
Start Technology Mapping
---------------------------------------------------------------------------------
---------------------------------------------------------------------------------
Finished Technology Mapping : Time (s): cpu = 00:00:10 ; elapsed = 00:00:10 . Memory (MB): peak = 2364.977 ; gain = 597.352 ; free physical = 4004 ; free virtual = 29199
---------------------------------------------------------------------------------
---------------------------------------------------------------------------------
Start IO Insertion
---------------------------------------------------------------------------------
---------------------------------------------------------------------------------
Start Flattening Before IO Insertion
---------------------------------------------------------------------------------
---------------------------------------------------------------------------------
Finished Flattening Before IO Insertion
---------------------------------------------------------------------------------
---------------------------------------------------------------------------------
Start Final Netlist Cleanup
---------------------------------------------------------------------------------
---------------------------------------------------------------------------------
Finished Final Netlist Cleanup
---------------------------------------------------------------------------------
---------------------------------------------------------------------------------
Finished IO Insertion : Time (s): cpu = 00:00:12 ; elapsed = 00:00:12 . Memory (MB): peak = 2364.977 ; gain = 597.352 ; free physical = 4020 ; free virtual = 29215
---------------------------------------------------------------------------------
---------------------------------------------------------------------------------
Start Renaming Generated Instances
---------------------------------------------------------------------------------
---------------------------------------------------------------------------------
Finished Renaming Generated Instances : Time (s): cpu = 00:00:12 ; elapsed = 00:00:12 . Memory (MB): peak = 2364.977 ; gain = 597.352 ; free physical = 4020 ; free virtual = 29215
---------------------------------------------------------------------------------
---------------------------------------------------------------------------------
Start Rebuilding User Hierarchy
---------------------------------------------------------------------------------
---------------------------------------------------------------------------------
Finished Rebuilding User Hierarchy : Time (s): cpu = 00:00:12 ; elapsed = 00:00:12 . Memory (MB): peak = 2364.977 ; gain = 597.352 ; free physical = 4020 ; free virtual = 29215
---------------------------------------------------------------------------------
---------------------------------------------------------------------------------
Start Renaming Generated Ports
---------------------------------------------------------------------------------
---------------------------------------------------------------------------------
Finished Renaming Generated Ports : Time (s): cpu = 00:00:12 ; elapsed = 00:00:12 . Memory (MB): peak = 2364.977 ; gain = 597.352 ; free physical = 4020 ; free virtual = 29215
---------------------------------------------------------------------------------
---------------------------------------------------------------------------------
Start Handling Custom Attributes
---------------------------------------------------------------------------------
---------------------------------------------------------------------------------
Finished Handling Custom Attributes : Time (s): cpu = 00:00:12 ; elapsed = 00:00:12 . Memory (MB): peak = 2364.977 ; gain = 597.352 ; free physical = 4020 ; free virtual = 29215
---------------------------------------------------------------------------------
---------------------------------------------------------------------------------
Start Renaming Generated Nets
---------------------------------------------------------------------------------
---------------------------------------------------------------------------------
Finished Renaming Generated Nets : Time (s): cpu = 00:00:12 ; elapsed = 00:00:12 . Memory (MB): peak = 2364.977 ; gain = 597.352 ; free physical = 4020 ; free virtual = 29215
---------------------------------------------------------------------------------
---------------------------------------------------------------------------------
Start Writing Synthesis Report
---------------------------------------------------------------------------------

Report BlackBoxes: 
+-+--------------+----------+
| |BlackBox name |Instances |
+-+--------------+----------+
+-+--------------+----------+

Report Cell Usage: 
+------+-----+------+
|      |Cell |Count |
+------+-----+------+
|1     |LUT3 |     2|
|2     |IBUF |     3|
|3     |OBUF |     4|
+------+-----+------+
---------------------------------------------------------------------------------
Finished Writing Synthesis Report : Time (s): cpu = 00:00:12 ; elapsed = 00:00:12 . Memory (MB): peak = 2364.977 ; gain = 597.352 ; free physical = 4020 ; free virtual = 29215
---------------------------------------------------------------------------------
Synthesis finished with 0 errors, 0 critical warnings and 7 warnings.
Synthesis Optimization Runtime : Time (s): cpu = 00:00:11 ; elapsed = 00:00:11 . Memory (MB): peak = 2364.977 ; gain = 521.445 ; free physical = 4020 ; free virtual = 29215
Synthesis Optimization Complete : Time (s): cpu = 00:00:12 ; elapsed = 00:00:12 . Memory (MB): peak = 2364.984 ; gain = 597.352 ; free physical = 4020 ; free virtual = 29215
INFO: [Project 1-571] Translating synthesized netlist
Netlist sorting complete. Time (s): cpu = 00:00:00 ; elapsed = 00:00:00 . Memory (MB): peak = 2364.984 ; gain = 0.000 ; free physical = 4035 ; free virtual = 29230
INFO: [Project 1-570] Preparing netlist for logic optimization
INFO: [Opt 31-138] Pushed 0 inverter(s) to 0 load pin(s).
Netlist sorting complete. Time (s): cpu = 00:00:00 ; elapsed = 00:00:00 . Memory (MB): peak = 2421.004 ; gain = 0.000 ; free physical = 4316 ; free virtual = 29511
INFO: [Project 1-111] Unisim Transformation Summary:
No Unisim elements were transformed.

Synth Design complete | Checksum: 6ce1aa36
INFO: [Common 17-83] Releasing license: Synthesis
22 Infos, 13 Warnings, 0 Critical Warnings and 0 Errors encountered.
synth_design completed successfully
synth_design: Time (s): cpu = 00:00:16 ; elapsed = 00:00:15 . Memory (MB): peak = 2421.004 ; gain = 1006.098 ; free physical = 4315 ; free virtual = 29510
INFO: [Common 17-2834] synth_design peak Physical Memory [PSS] (MB): overall = 1922.802; main = 1581.496; forked = 391.211
INFO: [Common 17-2834] synth_design peak Virtual Memory [VSS] (MB): overall = 3398.457; main = 2421.008; forked = 1033.477
Write ShapeDB Complete: Time (s): cpu = 00:00:00 ; elapsed = 00:00:00 . Memory (MB): peak = 2445.016 ; gain = 0.000 ; free physical = 4315 ; free virtual = 29510
INFO: [Common 17-1381] The checkpoint '/home/deulamco/Documents/FPGAs/hello-nexys-1/hello-nexys-1.runs/synth_1/top.dcp' has been generated.
INFO: [Vivado 12-24828] Executing command : report_utilization -file top_utilization_synth.rpt -pb top_utilization_synth.pb
INFO: [Common 17-206] Exiting Vivado at Sat Jun 29 22:46:05 2024...
